<?xml version="1.0" encoding="UTF-8"?>
<testsuite name="io.pivotal.gemfire.PrototypeApplicationTests" tests="1" skipped="0" failures="0" errors="0" timestamp="2016-04-19T21:28:31" hostname="ncar" time="0.003">
  <properties/>
  <testcase name="contextLoads" classname="io.pivotal.gemfire.PrototypeApplicationTests" time="0.003"/>
  <system-out><![CDATA[15:28:30.628 [Test worker] DEBUG o.s.t.c.j.SpringJUnit4ClassRunner - SpringJUnit4ClassRunner constructor called with [class io.pivotal.gemfire.PrototypeApplicationTests]
15:28:30.631 [Test worker] DEBUG o.s.test.context.BootstrapUtils - Instantiating CacheAwareContextLoaderDelegate from class [org.springframework.test.context.cache.DefaultCacheAwareContextLoaderDelegate]
15:28:30.635 [Test worker] DEBUG o.s.test.context.BootstrapUtils - Instantiating BootstrapContext using constructor [public org.springframework.test.context.support.DefaultBootstrapContext(java.lang.Class,org.springframework.test.context.CacheAwareContextLoaderDelegate)]
15:28:30.641 [Test worker] DEBUG o.s.test.context.BootstrapUtils - Instantiating TestContextBootstrapper for test class [io.pivotal.gemfire.PrototypeApplicationTests] from class [org.springframework.test.context.support.DefaultTestContextBootstrapper]
15:28:30.657 [Test worker] DEBUG o.s.t.c.s.DefaultTestContextBootstrapper - Found explicit ContextLoader class [org.springframework.boot.test.SpringApplicationContextLoader] for context configuration attributes [ContextConfigurationAttributes@41ef7525 declaringClass = 'io.pivotal.gemfire.PrototypeApplicationTests', classes = '{class io.pivotal.gemfire.PrototypeApplication}', locations = '{}', inheritLocations = true, initializers = '{}', inheritInitializers = true, name = [null], contextLoaderClass = 'org.springframework.boot.test.SpringApplicationContextLoader']
15:28:30.662 [Test worker] DEBUG o.s.t.c.s.AbstractContextLoader - Did not detect default resource location for test class [io.pivotal.gemfire.PrototypeApplicationTests]: class path resource [io/pivotal/gemfire/PrototypeApplicationTests-context.xml] does not exist
15:28:30.663 [Test worker] DEBUG o.s.t.c.s.AbstractContextLoader - Did not detect default resource location for test class [io.pivotal.gemfire.PrototypeApplicationTests]: class path resource [io/pivotal/gemfire/PrototypeApplicationTestsContext.groovy] does not exist
15:28:30.663 [Test worker] INFO  o.s.t.c.s.AbstractContextLoader - Could not detect default resource locations for test class [io.pivotal.gemfire.PrototypeApplicationTests]: no resource found for suffixes {-context.xml, Context.groovy}.
15:28:30.665 [Test worker] DEBUG o.s.t.c.support.ActiveProfilesUtils - Could not find an 'annotation declaring class' for annotation type [org.springframework.test.context.ActiveProfiles] and class [io.pivotal.gemfire.PrototypeApplicationTests]
15:28:30.667 [Test worker] DEBUG o.s.t.c.s.DefaultTestContextBootstrapper - @TestExecutionListeners is not present for class [io.pivotal.gemfire.PrototypeApplicationTests]: using defaults.
15:28:30.675 [Test worker] INFO  o.s.t.c.s.DefaultTestContextBootstrapper - Loaded default TestExecutionListener class names from location [META-INF/spring.factories]: [org.springframework.test.context.web.ServletTestExecutionListener, org.springframework.test.context.support.DirtiesContextBeforeModesTestExecutionListener, org.springframework.test.context.support.DependencyInjectionTestExecutionListener, org.springframework.test.context.support.DirtiesContextTestExecutionListener, org.springframework.test.context.transaction.TransactionalTestExecutionListener, org.springframework.test.context.jdbc.SqlScriptsTestExecutionListener]
15:28:30.683 [Test worker] INFO  o.s.t.c.s.DefaultTestContextBootstrapper - Could not instantiate TestExecutionListener [org.springframework.test.context.web.ServletTestExecutionListener]. Specify custom listener classes or make the default listener classes (and their required dependencies) available. Offending class: [javax/servlet/ServletContext]
15:28:30.685 [Test worker] INFO  o.s.t.c.s.DefaultTestContextBootstrapper - Using TestExecutionListeners: [org.springframework.test.context.support.DirtiesContextBeforeModesTestExecutionListener@7a138fbe, org.springframework.test.context.support.DependencyInjectionTestExecutionListener@22e244ab, org.springframework.test.context.support.DirtiesContextTestExecutionListener@7a3b68e9, org.springframework.test.context.transaction.TransactionalTestExecutionListener@647ebfae, org.springframework.test.context.jdbc.SqlScriptsTestExecutionListener@2f6b2e0]
15:28:30.687 [Test worker] DEBUG o.s.t.annotation.ProfileValueUtils - Retrieved @ProfileValueSourceConfiguration [null] for test class [io.pivotal.gemfire.PrototypeApplicationTests]
15:28:30.687 [Test worker] DEBUG o.s.t.annotation.ProfileValueUtils - Retrieved ProfileValueSource type [class org.springframework.test.annotation.SystemProfileValueSource] for class [io.pivotal.gemfire.PrototypeApplicationTests]
15:28:30.688 [Test worker] DEBUG o.s.t.annotation.ProfileValueUtils - Retrieved @ProfileValueSourceConfiguration [null] for test class [io.pivotal.gemfire.PrototypeApplicationTests]
15:28:30.688 [Test worker] DEBUG o.s.t.annotation.ProfileValueUtils - Retrieved ProfileValueSource type [class org.springframework.test.annotation.SystemProfileValueSource] for class [io.pivotal.gemfire.PrototypeApplicationTests]
15:28:30.690 [Test worker] DEBUG o.s.t.c.s.AbstractDirtiesContextTestExecutionListener - Before test class: context [DefaultTestContext@2ba16c97 testClass = PrototypeApplicationTests, testInstance = [null], testMethod = [null], testException = [null], mergedContextConfiguration = [MergedContextConfiguration@b4b6834 testClass = PrototypeApplicationTests, locations = '{}', classes = '{class io.pivotal.gemfire.PrototypeApplication}', contextInitializerClasses = '[]', activeProfiles = '{}', propertySourceLocations = '{}', propertySourceProperties = '{}', contextLoader = 'org.springframework.boot.test.SpringApplicationContextLoader', parent = [null]]], class annotated with @DirtiesContext [false] with mode [null].
15:28:30.691 [Test worker] DEBUG o.s.t.annotation.ProfileValueUtils - Retrieved @ProfileValueSourceConfiguration [null] for test class [io.pivotal.gemfire.PrototypeApplicationTests]
15:28:30.691 [Test worker] DEBUG o.s.t.annotation.ProfileValueUtils - Retrieved ProfileValueSource type [class org.springframework.test.annotation.SystemProfileValueSource] for class [io.pivotal.gemfire.PrototypeApplicationTests]
15:28:30.692 [Test worker] DEBUG o.s.t.c.s.DependencyInjectionTestExecutionListener - Performing dependency injection for test context [[DefaultTestContext@2ba16c97 testClass = PrototypeApplicationTests, testInstance = io.pivotal.gemfire.PrototypeApplicationTests@59730366, testMethod = [null], testException = [null], mergedContextConfiguration = [MergedContextConfiguration@b4b6834 testClass = PrototypeApplicationTests, locations = '{}', classes = '{class io.pivotal.gemfire.PrototypeApplication}', contextInitializerClasses = '[]', activeProfiles = '{}', propertySourceLocations = '{}', propertySourceProperties = '{}', contextLoader = 'org.springframework.boot.test.SpringApplicationContextLoader', parent = [null]]]].
15:28:30.734 [Test worker] DEBUG o.s.core.env.StandardEnvironment - Adding [systemProperties] PropertySource with lowest search precedence
15:28:30.736 [Test worker] DEBUG o.s.core.env.StandardEnvironment - Adding [systemEnvironment] PropertySource with lowest search precedence
15:28:30.736 [Test worker] DEBUG o.s.core.env.StandardEnvironment - Initialized StandardEnvironment with PropertySources [systemProperties,systemEnvironment]
15:28:30.737 [Test worker] DEBUG o.s.core.env.StandardEnvironment - Adding [integrationTest] PropertySource with search precedence immediately lower than [systemEnvironment]

  .   ____          _            __ _ _
 /\\ / ___'_ __ _ _(_)_ __  __ _ \ \ \ \
( ( )\___ | '_ | '_| | '_ \/ _` | \ \ \ \
 \\/  ___)| |_)| | | | | || (_| |  ) ) ) )
  '  |____| .__|_| |_|_| |_\__, | / / / /
 =========|_|==============|___/=/_/_/_/
 :: Spring Boot ::        (v1.3.3.RELEASE)

2016-04-19 15:28:30.916  INFO 68728 --- [    Test worker] i.p.gemfire.PrototypeApplicationTests    : Starting PrototypeApplicationTests on ncar with PID 68728 (/Users/pivotal/workspace/gemfire-prototype/prototype/build/classes/test started by pivotal in /Users/pivotal/workspace/gemfire-prototype/prototype)
2016-04-19 15:28:30.917  INFO 68728 --- [    Test worker] i.p.gemfire.PrototypeApplicationTests    : No active profile set, falling back to default profiles: default
2016-04-19 15:28:30.946  INFO 68728 --- [    Test worker] s.c.a.AnnotationConfigApplicationContext : Refreshing org.springframework.context.annotation.AnnotationConfigApplicationContext@12feceb7: startup date [Tue Apr 19 15:28:30 MDT 2016]; root of context hierarchy
2016-04-19 15:28:31.410  INFO 68728 --- [    Test worker] i.p.gemfire.PrototypeApplicationTests    : Started PrototypeApplicationTests in 0.671 seconds (JVM running for 1.355)
]]></system-out>
  <system-err><![CDATA[]]></system-err>
</testsuite>
